<?xml version="1.0" encoding="UTF-8"?>
<!-- Generated by org.testng.reporters.JUnitXMLReporter -->
<testsuite hostname="iMac.local" ignored="0" tests="5" failures="0" timestamp="2023-01-04T14:35:58 WITA" time="2.019" errors="0">
  <testcase name="testGet1Beers" time="0.853" classname="BeersAmountTest"/>
  <testcase name="testGet20Beers" time="0.242" classname="BeersAmountTest"/>
  <testcase name="testGet5Beers" time="0.208" classname="BeersAmountTest"/>
  <testcase name="testGetAllBeers" time="0.227" classname="BeersAmountTest"/>
  <testcase name="testGetAllBeersSchema" time="0.451" classname="BeersAmountTest"/>
</testsuite>
