<?xml version="1.0" encoding="UTF-8"?>
<testng-results skipped="0" failed="0" ignored="0" total="5" passed="5">
  <reporter-output>
  </reporter-output>
  <suite name="BeersAmountTest" duration-ms="2019" started-at="2023-01-04T14:35:56 WITA" finished-at="2023-01-04T14:35:58 WITA">
    <groups>
    </groups>
    <test name="Command line test" duration-ms="2019" started-at="2023-01-04T14:35:56 WITA" finished-at="2023-01-04T14:35:58 WITA">
      <class name="BeersAmountTest">
        <test-method status="PASS" signature="testGet1Beers()[pri:0, instance:BeersAmountTest@5702b3b1]" name="testGet1Beers" duration-ms="853" started-at="2023-01-04T14:35:56 WITA" finished-at="2023-01-04T14:35:57 WITA">
          <reporter-output>
          </reporter-output>
        </test-method> <!-- testGet1Beers -->
        <test-method status="PASS" signature="testGet20Beers()[pri:0, instance:BeersAmountTest@5702b3b1]" name="testGet20Beers" duration-ms="242" started-at="2023-01-04T14:35:57 WITA" finished-at="2023-01-04T14:35:57 WITA">
          <reporter-output>
          </reporter-output>
        </test-method> <!-- testGet20Beers -->
        <test-method status="PASS" signature="testGet5Beers()[pri:0, instance:BeersAmountTest@5702b3b1]" name="testGet5Beers" duration-ms="208" started-at="2023-01-04T14:35:57 WITA" finished-at="2023-01-04T14:35:57 WITA">
          <reporter-output>
          </reporter-output>
        </test-method> <!-- testGet5Beers -->
        <test-method status="PASS" signature="testGetAllBeers()[pri:0, instance:BeersAmountTest@5702b3b1]" name="testGetAllBeers" duration-ms="227" started-at="2023-01-04T14:35:57 WITA" finished-at="2023-01-04T14:35:57 WITA">
          <reporter-output>
          </reporter-output>
        </test-method> <!-- testGetAllBeers -->
        <test-method status="PASS" signature="testGetAllBeersSchema()[pri:0, instance:BeersAmountTest@5702b3b1]" name="testGetAllBeersSchema" duration-ms="451" started-at="2023-01-04T14:35:57 WITA" finished-at="2023-01-04T14:35:58 WITA">
          <reporter-output>
          </reporter-output>
        </test-method> <!-- testGetAllBeersSchema -->
      </class> <!-- BeersAmountTest -->
    </test> <!-- Command line test -->
  </suite> <!-- BeersAmountTest -->
</testng-results>
