<?xml version="1.0" encoding="UTF-8"?>
<testng-results skipped="0" failed="0" ignored="0" total="2" passed="2">
  <reporter-output>
  </reporter-output>
  <suite name="BeersAmountTest" duration-ms="1265" started-at="2023-01-04T11:54:18 WITA" finished-at="2023-01-04T11:54:19 WITA">
    <groups>
    </groups>
    <test name="Command line test" duration-ms="1265" started-at="2023-01-04T11:54:18 WITA" finished-at="2023-01-04T11:54:19 WITA">
      <class name="BeersAmountTest">
        <test-method status="PASS" signature="testGetAllBeers()[pri:0, instance:BeersAmountTest@3c0ecd4b]" name="testGetAllBeers" duration-ms="570" started-at="2023-01-04T11:54:18 WITA" finished-at="2023-01-04T11:54:18 WITA">
          <reporter-output>
          </reporter-output>
        </test-method> <!-- testGetAllBeers -->
        <test-method status="PASS" signature="testGetBeers()[pri:0, instance:BeersAmountTest@3c0ecd4b]" name="testGetBeers" duration-ms="665" started-at="2023-01-04T11:54:18 WITA" finished-at="2023-01-04T11:54:19 WITA">
          <reporter-output>
          </reporter-output>
        </test-method> <!-- testGetBeers -->
      </class> <!-- BeersAmountTest -->
    </test> <!-- Command line test -->
  </suite> <!-- BeersAmountTest -->
</testng-results>
